<?xml version="1.0" encoding="UTF-8"?>
<coverage generated="1529720961240" clover="3.2.0">
  <project timestamp="1529720961240" name="All files">
    <metrics statements="7" coveredstatements="7" conditionals="0" coveredconditionals="0" methods="2" coveredmethods="2" elements="9" coveredelements="9" complexity="0" loc="7" ncloc="7" packages="1" files="3" classes="3">
      <file name="app.js" path="/Users/BrandonBuchholz/codefellows/401/401-final-project/media-2.0/src/app.js">
        <metrics statements="5" coveredstatements="5" conditionals="0" coveredconditionals="0" methods="0" coveredmethods="0"/>
        <line num="3" count="1" type="stmt"/>
        <line num="4" count="1" type="stmt"/>
        <line num="5" count="1" type="stmt"/>
        <line num="6" count="1" type="stmt"/>
        <line num="8" count="1" type="stmt"/>
      </file>
      <file name="handleListen.js" path="/Users/BrandonBuchholz/codefellows/401/401-final-project/media-2.0/src/handleListen.js">
        <metrics statements="1" coveredstatements="1" conditionals="0" coveredconditionals="0" methods="1" coveredmethods="1"/>
        <line num="3" count="1" type="stmt"/>
      </file>
      <file name="hello.js" path="/Users/BrandonBuchholz/codefellows/401/401-final-project/media-2.0/src/hello.js">
        <metrics statements="1" coveredstatements="1" conditionals="0" coveredconditionals="0" methods="1" coveredmethods="1"/>
        <line num="3" count="2" type="stmt"/>
      </file>
    </metrics>
  </project>
</coverage>
