{"/Users/BrandonBuchholz/codefellows/401/401-final-project/media-2.0/handleListen.js": {"path":"/Users/BrandonBuchholz/codefellows/401/401-final-project/media-2.0/handleListen.js","statementMap":{"0":{"start":{"line":3,"column":0},"end":{"line":3,"column":89}},"1":{"start":{"line":3,"column":32},"end":{"line":3,"column":88}}},"fnMap":{"0":{"name":"(anonymous_0)","decl":{"start":{"line":3,"column":17},"end":{"line":3,"column":18}},"loc":{"start":{"line":3,"column":32},"end":{"line":3,"column":88}},"line":3}},"branchMap":{},"s":{"0":1,"1":1},"f":{"0":1},"b":{},"_coverageSchema":"332fd63041d2c1bcb487cc26dd0d5f7d97098a6c","hash":"b80a1c0d637bd48479c9c6990442137f0fe3ed9b"}
,"/Users/BrandonBuchholz/codefellows/401/401-final-project/media-2.0/src/app.js": {"path":"/Users/BrandonBuchholz/codefellows/401/401-final-project/media-2.0/src/app.js","statementMap":{"0":{"start":{"line":3,"column":16},"end":{"line":3,"column":34}},"1":{"start":{"line":4,"column":14},"end":{"line":4,"column":32}},"2":{"start":{"line":5,"column":12},"end":{"line":5,"column":21}},"3":{"start":{"line":6,"column":0},"end":{"line":6,"column":20}},"4":{"start":{"line":8,"column":0},"end":{"line":8,"column":21}}},"fnMap":{},"branchMap":{},"s":{"0":1,"1":1,"2":1,"3":1,"4":1},"f":{},"b":{},"_coverageSchema":"332fd63041d2c1bcb487cc26dd0d5f7d97098a6c","hash":"ccd74b30ba24d51c6d19a41ec8904f7b34f83c44"}
,"/Users/BrandonBuchholz/codefellows/401/401-final-project/media-2.0/src/hello.js": {"path":"/Users/BrandonBuchholz/codefellows/401/401-final-project/media-2.0/src/hello.js","statementMap":{"0":{"start":{"line":3,"column":0},"end":{"line":3,"column":54}},"1":{"start":{"line":3,"column":29},"end":{"line":3,"column":53}}},"fnMap":{"0":{"name":"(anonymous_0)","decl":{"start":{"line":3,"column":17},"end":{"line":3,"column":18}},"loc":{"start":{"line":3,"column":29},"end":{"line":3,"column":53}},"line":3}},"branchMap":{},"s":{"0":2,"1":2},"f":{"0":2},"b":{},"_coverageSchema":"332fd63041d2c1bcb487cc26dd0d5f7d97098a6c","hash":"4e01a1bca8cbdb119f3af5e893cc264e4c8809c8"}
}
