{"/Users/BrandonBuchholz/codefellows/401/401-final-project/media-2.0/index.js": {"path":"/Users/BrandonBuchholz/codefellows/401/401-final-project/media-2.0/index.js","statementMap":{"0":{"start":{"line":3,"column":0},"end":{"line":3,"column":27}},"1":{"start":{"line":8,"column":13},"end":{"line":8,"column":29}},"2":{"start":{"line":9,"column":16},"end":{"line":9,"column":35}},"3":{"start":{"line":11,"column":16},"end":{"line":11,"column":34}},"4":{"start":{"line":12,"column":19},"end":{"line":12,"column":41}},"5":{"start":{"line":13,"column":19},"end":{"line":13,"column":40}},"6":{"start":{"line":14,"column":20},"end":{"line":14,"column":49}},"7":{"start":{"line":15,"column":20},"end":{"line":15,"column":46}},"8":{"start":{"line":16,"column":13},"end":{"line":16,"column":28}},"9":{"start":{"line":17,"column":21},"end":{"line":17,"column":55}},"10":{"start":{"line":18,"column":12},"end":{"line":18,"column":37}},"11":{"start":{"line":21,"column":0},"end":{"line":21,"column":27}},"12":{"start":{"line":22,"column":0},"end":{"line":24,"column":4}},"13":{"start":{"line":26,"column":0},"end":{"line":28,"column":3}},"14":{"start":{"line":27,"column":2},"end":{"line":27,"column":17}},"15":{"start":{"line":29,"column":0},"end":{"line":29,"column":29}},"16":{"start":{"line":30,"column":0},"end":{"line":30,"column":29}},"17":{"start":{"line":32,"column":0},"end":{"line":32,"column":34}},"18":{"start":{"line":34,"column":0},"end":{"line":36,"column":3}},"19":{"start":{"line":35,"column":2},"end":{"line":35,"column":49}},"20":{"start":{"line":42,"column":0},"end":{"line":42,"column":50}},"21":{"start":{"line":70,"column":0},"end":{"line":70,"column":21}}},"fnMap":{"0":{"name":"(anonymous_0)","decl":{"start":{"line":26,"column":21},"end":{"line":26,"column":22}},"loc":{"start":{"line":26,"column":35},"end":{"line":28,"column":1}},"line":26},"1":{"name":"(anonymous_1)","decl":{"start":{"line":34,"column":13},"end":{"line":34,"column":14}},"loc":{"start":{"line":34,"column":27},"end":{"line":36,"column":1}},"line":34}},"branchMap":{},"s":{"0":1,"1":1,"2":1,"3":1,"4":1,"5":1,"6":1,"7":1,"8":1,"9":1,"10":1,"11":1,"12":1,"13":1,"14":1,"15":1,"16":1,"17":1,"18":1,"19":0,"20":1,"21":1},"f":{"0":1,"1":0},"b":{},"_coverageSchema":"332fd63041d2c1bcb487cc26dd0d5f7d97098a6c","hash":"6b132ee52c80e88af00946e9c8f957a819430f73"}
,"/Users/BrandonBuchholz/codefellows/401/401-final-project/media-2.0/mongo/mongosandbox.js": {"path":"/Users/BrandonBuchholz/codefellows/401/401-final-project/media-2.0/mongo/mongosandbox.js","statementMap":{"0":{"start":{"line":4,"column":17},"end":{"line":4,"column":36}},"1":{"start":{"line":5,"column":0},"end":{"line":5,"column":42}},"2":{"start":{"line":7,"column":18},"end":{"line":9,"column":2}},"3":{"start":{"line":22,"column":14},"end":{"line":22,"column":51}},"4":{"start":{"line":24,"column":0},"end":{"line":24,"column":23}}},"fnMap":{},"branchMap":{},"s":{"0":1,"1":1,"2":1,"3":1,"4":1},"f":{},"b":{},"_coverageSchema":"332fd63041d2c1bcb487cc26dd0d5f7d97098a6c","hash":"43a7ab32ade716bb8fb6ba6937486f61179441fc"}
,"/Users/BrandonBuchholz/codefellows/401/401-final-project/media-2.0/routes/images.js": {"path":"/Users/BrandonBuchholz/codefellows/401/401-final-project/media-2.0/routes/images.js","statementMap":{"0":{"start":{"line":2,"column":0},"end":{"line":2,"column":27}},"1":{"start":{"line":3,"column":16},"end":{"line":3,"column":34}},"2":{"start":{"line":4,"column":20},"end":{"line":4,"column":40}},"3":{"start":{"line":5,"column":13},"end":{"line":5,"column":28}},"4":{"start":{"line":7,"column":14},"end":{"line":7,"column":44}},"5":{"start":{"line":9,"column":0},"end":{"line":15,"column":5}},"6":{"start":{"line":13,"column":4},"end":{"line":13,"column":42}},"7":{"start":{"line":14,"column":4},"end":{"line":14,"column":60}},"8":{"start":{"line":17,"column":0},"end":{"line":17,"column":29}}},"fnMap":{"0":{"name":"(anonymous_0)","decl":{"start":{"line":9,"column":37},"end":{"line":9,"column":38}},"loc":{"start":{"line":9,"column":51},"end":{"line":15,"column":3}},"line":9}},"branchMap":{},"s":{"0":1,"1":1,"2":1,"3":1,"4":1,"5":1,"6":1,"7":1,"8":1},"f":{"0":1},"b":{},"_coverageSchema":"332fd63041d2c1bcb487cc26dd0d5f7d97098a6c","hash":"a6ff380a8c3e81b77b51fc3b482c5ca2bd24c020"}
,"/Users/BrandonBuchholz/codefellows/401/401-final-project/media-2.0/routes/routes.js": {"path":"/Users/BrandonBuchholz/codefellows/401/401-final-project/media-2.0/routes/routes.js","statementMap":{"0":{"start":{"line":2,"column":0},"end":{"line":2,"column":27}},"1":{"start":{"line":3,"column":16},"end":{"line":3,"column":34}},"2":{"start":{"line":4,"column":19},"end":{"line":4,"column":40}},"3":{"start":{"line":5,"column":14},"end":{"line":5,"column":46}},"4":{"start":{"line":6,"column":19},"end":{"line":6,"column":41}},"5":{"start":{"line":7,"column":16},"end":{"line":7,"column":35}},"6":{"start":{"line":8,"column":20},"end":{"line":8,"column":40}},"7":{"start":{"line":9,"column":13},"end":{"line":9,"column":28}},"8":{"start":{"line":10,"column":11},"end":{"line":10,"column":24}},"9":{"start":{"line":11,"column":13},"end":{"line":11,"column":28}},"10":{"start":{"line":13,"column":0},"end":{"line":13,"column":24}},"11":{"start":{"line":15,"column":0},"end":{"line":29,"column":3}},"12":{"start":{"line":17,"column":2},"end":{"line":28,"column":7}},"13":{"start":{"line":20,"column":6},"end":{"line":20,"column":68}},"14":{"start":{"line":21,"column":6},"end":{"line":21,"column":43}},"15":{"start":{"line":22,"column":18},"end":{"line":22,"column":31}},"16":{"start":{"line":23,"column":6},"end":{"line":23,"column":34}},"17":{"start":{"line":24,"column":6},"end":{"line":26,"column":9}},"18":{"start":{"line":27,"column":6},"end":{"line":27,"column":28}},"19":{"start":{"line":32,"column":0},"end":{"line":40,"column":3}},"20":{"start":{"line":33,"column":19},"end":{"line":33,"column":107}},"21":{"start":{"line":34,"column":2},"end":{"line":39,"column":38}},"22":{"start":{"line":36,"column":6},"end":{"line":36,"column":35}},"23":{"start":{"line":37,"column":6},"end":{"line":37,"column":34}},"24":{"start":{"line":39,"column":18},"end":{"line":39,"column":36}},"25":{"start":{"line":53,"column":0},"end":{"line":53,"column":29}}},"fnMap":{"0":{"name":"(anonymous_0)","decl":{"start":{"line":15,"column":36},"end":{"line":15,"column":37}},"loc":{"start":{"line":15,"column":50},"end":{"line":29,"column":1}},"line":15},"1":{"name":"(anonymous_1)","decl":{"start":{"line":19,"column":9},"end":{"line":19,"column":10}},"loc":{"start":{"line":19,"column":26},"end":{"line":28,"column":5}},"line":19},"2":{"name":"(anonymous_2)","decl":{"start":{"line":32,"column":40},"end":{"line":32,"column":41}},"loc":{"start":{"line":32,"column":54},"end":{"line":40,"column":1}},"line":32},"3":{"name":"(anonymous_3)","decl":{"start":{"line":35,"column":10},"end":{"line":35,"column":11}},"loc":{"start":{"line":35,"column":18},"end":{"line":38,"column":5}},"line":35},"4":{"name":"(anonymous_4)","decl":{"start":{"line":39,"column":11},"end":{"line":39,"column":12}},"loc":{"start":{"line":39,"column":18},"end":{"line":39,"column":36}},"line":39}},"branchMap":{},"s":{"0":1,"1":1,"2":1,"3":1,"4":1,"5":1,"6":1,"7":1,"8":1,"9":1,"10":1,"11":1,"12":1,"13":1,"14":1,"15":1,"16":1,"17":1,"18":1,"19":1,"20":0,"21":0,"22":0,"23":0,"24":0,"25":1},"f":{"0":1,"1":1,"2":0,"3":0,"4":0},"b":{},"_coverageSchema":"332fd63041d2c1bcb487cc26dd0d5f7d97098a6c","hash":"463c8fc0f15bb641a07a3d9c790f953508d3501a"}
,"/Users/BrandonBuchholz/codefellows/401/401-final-project/media-2.0/src/handleListen.js": {"path":"/Users/BrandonBuchholz/codefellows/401/401-final-project/media-2.0/src/handleListen.js","statementMap":{"0":{"start":{"line":3,"column":0},"end":{"line":3,"column":94}},"1":{"start":{"line":3,"column":32},"end":{"line":3,"column":93}}},"fnMap":{"0":{"name":"(anonymous_0)","decl":{"start":{"line":3,"column":17},"end":{"line":3,"column":18}},"loc":{"start":{"line":3,"column":32},"end":{"line":3,"column":93}},"line":3}},"branchMap":{},"s":{"0":2,"1":2},"f":{"0":2},"b":{},"_coverageSchema":"332fd63041d2c1bcb487cc26dd0d5f7d97098a6c","hash":"6acb8d9986ec2ea17b40cc7d33dde32452dc08ad"}
,"/Users/BrandonBuchholz/codefellows/401/401-final-project/media-2.0/src/hello.js": {"path":"/Users/BrandonBuchholz/codefellows/401/401-final-project/media-2.0/src/hello.js","statementMap":{"0":{"start":{"line":3,"column":0},"end":{"line":3,"column":54}},"1":{"start":{"line":3,"column":29},"end":{"line":3,"column":53}}},"fnMap":{"0":{"name":"(anonymous_0)","decl":{"start":{"line":3,"column":17},"end":{"line":3,"column":18}},"loc":{"start":{"line":3,"column":29},"end":{"line":3,"column":53}},"line":3}},"branchMap":{},"s":{"0":2,"1":1},"f":{"0":1},"b":{},"_coverageSchema":"332fd63041d2c1bcb487cc26dd0d5f7d97098a6c","hash":"4e01a1bca8cbdb119f3af5e893cc264e4c8809c8"}
,"/Users/BrandonBuchholz/codefellows/401/401-final-project/media-2.0/tests/app.js": {"path":"/Users/BrandonBuchholz/codefellows/401/401-final-project/media-2.0/tests/app.js","statementMap":{"0":{"start":{"line":3,"column":16},"end":{"line":3,"column":34}},"1":{"start":{"line":4,"column":14},"end":{"line":4,"column":32}},"2":{"start":{"line":5,"column":12},"end":{"line":5,"column":21}},"3":{"start":{"line":6,"column":0},"end":{"line":6,"column":24}},"4":{"start":{"line":8,"column":0},"end":{"line":8,"column":21}}},"fnMap":{},"branchMap":{},"s":{"0":1,"1":1,"2":1,"3":1,"4":1},"f":{},"b":{},"_coverageSchema":"332fd63041d2c1bcb487cc26dd0d5f7d97098a6c","hash":"d1376fbc6c5b629bc659bf08ff22bd55bf5d0091"}
}
